FlashPro
Version: 11.0.0.23
Release: v11.0

Software Version: 11.0.0.23
PDB file
'C:\Users\kylebs\Desktop\FreeRTOS-lwIP-takeDeux\FreeRTOS-lwIP\Webserver_uIPRTOS_SC_DF\EVAL_KIT\\
SF_Webserver_Demo\designer\impl2\TOP_fp\TOP.pdb' has been loaded successfully.
DESIGN : TOP;  CHECKSUM : 7768;  PDB_VERSION : 1.8
Driver : 3.0.0 build 1
programmer '77844' : FlashPro3
Opened
'C:\Users\kylebs\Desktop\FreeRTOS-lwIP-takeDeux\FreeRTOS-lwIP\Webserver_uIPRTOS_SC_DF\EVAL_KIT\\
SF_Webserver_Demo\designer\impl2\TOP_fp\TOP.pro'
Info: Updating Flash Memory data from file
      C:\Users\kylebs\Desktop\FreeRTOS-lwIP-takeDeux\FreeRTOS-lwIP\Webserver_uIPRTOS_SC_DF\EVAL\
      _KIT\SF_Webserver_Demo\component\work\Webserver\MSS_ENVM_0\MSS_ENVM_0.efc.
Info: Updating FPGA Array data from file
      C:\Users\kylebs\Desktop\FreeRTOS-lwIP-takeDeux\FreeRTOS-lwIP\Webserver_uIPRTOS_SC_DF\EVAL\
      _KIT\SF_Webserver_Demo\designer\impl2\TOP.fdb.
PDB file
'C:\Users\kylebs\Desktop\FreeRTOS-lwIP-takeDeux\FreeRTOS-lwIP\Webserver_uIPRTOS_SC_DF\EVAL_KIT\\
SF_Webserver_Demo\designer\impl2\TOP_fp\TOP.pdb' has been loaded successfully.
DESIGN : TOP;  CHECKSUM : 7768;  PDB_VERSION : 1.8
Rescanning for Programmers...
programmer '77844' : FlashPro3
Rescanning for Programmers DONE.
programmer '77844' : Scan Chain...
Warning: programmer '77844' : Vpump has been selected on programmer AND an externally provided
         Vpump has also been detected. Using externally provided Vpump voltage source.
Error: programmer '77844' : Signal Integrity Failure
       Integrity Check Pattern Not Found.
       Integrity Check Pattern :
       550FAAF000FF0000FFFF
       IrScan Error.
       TDO stuck at 0
       Chain Analysis Failed.
Error: programmer '77844' : Data Bit length : 8272
Error: programmer '77844' : Compare Data  :
       0000000000000000000000000000000000000000000000000000000000000000000000000000000000000000\
       0000000000000000000000000000000000000000000000000000000000000000000000000000000000000000\
       0000000000000000000000000000000000000000000000000000000000000000000000000000000000000000\
       0000000000000000000000000000000000000000000000000000000000000000000000000000000000000000\
       0000000000000000000000000000000000000000000000000000000000000000000000000000000000000000\
       0000000000000000000000000000000000000000000000000000000000000000000000000000000000000000\
       0000000000000000000000000000000000000000000000000000000000000000000000000000000000000000\
       0000000000000000000000000000000000000000000000000000000000000000000000000000000000000000\
       0000000000000000000000000000000000000000000000000000000000000000000000000000000000000000\
       0000000000000000000000000000000000000000000000000000000000000000000000000000000000000000\
       0000000000000000000000000000000000000000000000000000000000000000000000000000000000000000\
       0000000000000000000000000000000000000000000000000000000000000000000000000000000000000000\
       0000000000000000000000000000000000000000000000000000000000000000000000000000000000000000\
       0000000000000000000000000000000000000000000000000000000000000000000000000000000000000000\
       0000000000000000000000000000000000000000000000000000000000000000000000000000000000000000\
       0000000000000000000000000000000000000000000000000000000000000000000000000000000000000000\
       0000000000000000000000000000000000000000000000000000000000000000000000000000000000000000\
       0000000000000000000000000000000000000000000000000000000000000000000000000000000000000000\
       0000000000000000000000000000000000000000000000000000000000000000000000000000000000000000\
       0000000000000000000000000000000000000000000000000000000000000000000000000000000000000000\
       0000000000000000000000000000000000000000000000000000000000000000000000000000000000000000\
       0000000000000000000000000000000000000000000000000000000000000000000000000000000000000000\
       0000000000000000000000000000000000000000000000000000000000000000000000000000000000000000\
       00000000000000000000000000000000000000000000
Error: programmer '77844' : Scan Chain FAILED.
Error: Failed to run Action.
Rescanning for Programmers...
programmer '77844' : FlashPro3
Rescanning for Programmers DONE.
programmer '77844' : Scan Chain...
Warning: programmer '77844' : Vpump has been selected on programmer AND an externally provided
         Vpump has also been detected. Using externally provided Vpump voltage source.
Error: programmer '77844' : Signal Integrity Failure
       Integrity Check Pattern Not Found.
       Integrity Check Pattern :
       550FAAF000FF0000FFFF
       IrScan Error.
       TDO stuck at 0
       Chain Analysis Failed.
Error: programmer '77844' : Data Bit length : 8272
Error: programmer '77844' : Compare Data  :
       0000000000000000000000000000000000000000000000000000000000000000000000000000000000000000\
       0000000000000000000000000000000000000000000000000000000000000000000000000000000000000000\
       0000000000000000000000000000000000000000000000000000000000000000000000000000000000000000\
       0000000000000000000000000000000000000000000000000000000000000000000000000000000000000000\
       0000000000000000000000000000000000000000000000000000000000000000000000000000000000000000\
       0000000000000000000000000000000000000000000000000000000000000000000000000000000000000000\
       0000000000000000000000000000000000000000000000000000000000000000000000000000000000000000\
       0000000000000000000000000000000000000000000000000000000000000000000000000000000000000000\
       0000000000000000000000000000000000000000000000000000000000000000000000000000000000000000\
       0000000000000000000000000000000000000000000000000000000000000000000000000000000000000000\
       0000000000000000000000000000000000000000000000000000000000000000000000000000000000000000\
       0000000000000000000000000000000000000000000000000000000000000000000000000000000000000000\
       0000000000000000000000000000000000000000000000000000000000000000000000000000000000000000\
       0000000000000000000000000000000000000000000000000000000000000000000000000000000000000000\
       0000000000000000000000000000000000000000000000000000000000000000000000000000000000000000\
       0000000000000000000000000000000000000000000000000000000000000000000000000000000000000000\
       0000000000000000000000000000000000000000000000000000000000000000000000000000000000000000\
       0000000000000000000000000000000000000000000000000000000000000000000000000000000000000000\
       0000000000000000000000000000000000000000000000000000000000000000000000000000000000000000\
       0000000000000000000000000000000000000000000000000000000000000000000000000000000000000000\
       0000000000000000000000000000000000000000000000000000000000000000000000000000000000000000\
       0000000000000000000000000000000000000000000000000000000000000000000000000000000000000000\
       0000000000000000000000000000000000000000000000000000000000000000000000000000000000000000\
       00000000000000000000000000000000000000000000
Error: programmer '77844' : Scan Chain FAILED.
Error: Failed to run Action.
programmer '77844' : Scan Chain...
Warning: programmer '77844' : Vpump has been selected on programmer AND an externally provided
         Vpump has also been detected. Using externally provided Vpump voltage source.
Error: programmer '77844' : Signal Integrity Failure
       Integrity Check Pattern Not Found.
       Integrity Check Pattern :
       550FAAF000FF0000FFFF
       IrScan Error.
       TDO stuck at 0
       Chain Analysis Failed.
Error: programmer '77844' : Data Bit length : 8272
Error: programmer '77844' : Compare Data  :
       0000000000000000000000000000000000000000000000000000000000000000000000000000000000000000\
       0000000000000000000000000000000000000000000000000000000000000000000000000000000000000000\
       0000000000000000000000000000000000000000000000000000000000000000000000000000000000000000\
       0000000000000000000000000000000000000000000000000000000000000000000000000000000000000000\
       0000000000000000000000000000000000000000000000000000000000000000000000000000000000000000\
       0000000000000000000000000000000000000000000000000000000000000000000000000000000000000000\
       0000000000000000000000000000000000000000000000000000000000000000000000000000000000000000\
       0000000000000000000000000000000000000000000000000000000000000000000000000000000000000000\
       0000000000000000000000000000000000000000000000000000000000000000000000000000000000000000\
       0000000000000000000000000000000000000000000000000000000000000000000000000000000000000000\
       0000000000000000000000000000000000000000000000000000000000000000000000000000000000000000\
       0000000000000000000000000000000000000000000000000000000000000000000000000000000000000000\
       0000000000000000000000000000000000000000000000000000000000000000000000000000000000000000\
       0000000000000000000000000000000000000000000000000000000000000000000000000000000000000000\
       0000000000000000000000000000000000000000000000000000000000000000000000000000000000000000\
       0000000000000000000000000000000000000000000000000000000000000000000000000000000000000000\
       0000000000000000000000000000000000000000000000000000000000000000000000000000000000000000\
       0000000000000000000000000000000000000000000000000000000000000000000000000000000000000000\
       0000000000000000000000000000000000000000000000000000000000000000000000000000000000000000\
       0000000000000000000000000000000000000000000000000000000000000000000000000000000000000000\
       0000000000000000000000000000000000000000000000000000000000000000000000000000000000000000\
       0000000000000000000000000000000000000000000000000000000000000000000000000000000000000000\
       0000000000000000000000000000000000000000000000000000000000000000000000000000000000000000\
       00000000000000000000000000000000000000000000
Error: programmer '77844' : Scan Chain FAILED.
Error: Failed to run Action.
Rescanning for Programmers...
programmer '77844' : FlashPro3
Rescanning for Programmers DONE.
Rescanning for Programmers...
programmer '77844' : FlashPro3
Rescanning for Programmers DONE.
Rescanning for Programmers...
programmer '79278' : FlashPro3
Rescanning for Programmers DONE.
programmer '79278' : Scan Chain...
Warning: programmer '79278' : Vpump has been selected on programmer AND an externally provided
         Vpump has also been detected. Using externally provided Vpump voltage source.
programmer '79278' : Scan Chain PASSED.
programmer '79278' : Executing action PROGRAM
programmer '79278' : EXPORT FSN[48] = 0114ab588840
programmer '79278' : Erase ...
programmer '79278' : Completed erase
programmer '79278' : EXPORT CHECKSUM: [16] = 7768
programmer '79278' : Programming FPGA Array
programmer '79278' : Verifying FPGA Array
programmer '79278' :         Verifying FPGA Array -- pass
programmer '79278' : Program System Init and Boot Clients...
programmer '79278' : Program Embedded Flash Memory Module ALL....
programmer '79278' : Verify System Init and Boot Clients...
programmer '79278' : Verify Embedded Flash Memory Module ALL...
programmer '79278' : Finished: Mon Dec 09 15:21:33 2013 (Elapsed time 00:00:54)
programmer '79278' : Executing action PROGRAM PASSED.

                        o - o - o - o - o - o

Warning: Project 'TOP' has been modified. Do you want to save it? [NO]
Project closed.
