Target Part: A2F200M3F_FBGA484_Std
Report for cell TOP.verilog
  Core Cell usage:
              cell count     area count*area
              AND2    32      1.0       32.0
             AND2A     8      1.0        8.0
              AND3   123      1.0      123.0
             AND3A     2      1.0        2.0
               AO1   104      1.0      104.0
              AO18    10      1.0       10.0
              AO1A     5      1.0        5.0
              AO1B     8      1.0        8.0
              AO1C    38      1.0       38.0
              AO1D     2      1.0        2.0
              AOI1    19      1.0       19.0
             AOI1A    16      1.0       16.0
             AOI1B     2      1.0        2.0
               AX1     1      1.0        1.0
              AX1A     3      1.0        3.0
              AX1B     1      1.0        1.0
              AX1C     4      1.0        4.0
              AX1D     8      1.0        8.0
              AXO1     1      1.0        1.0
              AXO6     1      1.0        1.0
             AXOI3     3      1.0        3.0
             AXOI4     1      1.0        1.0
             AXOI7     2      1.0        2.0
              BUFF     2      1.0        2.0
            CLKINT     3      0.0        0.0
               GND    20      0.0        0.0
               INV     1      1.0        1.0
              MAJ3    16      1.0       16.0
              MIN3     9      1.0        9.0
            MSSINT     3      0.0        0.0
           MSS_APB     1      0.0        0.0
           MSS_CCC     1      0.0        0.0
               MX2   409      1.0      409.0
              MX2A     7      1.0        7.0
              MX2B    13      1.0       13.0
              MX2C     6      1.0        6.0
              NOR2    45      1.0       45.0
             NOR2A   283      1.0      283.0
             NOR2B   192      1.0      192.0
              NOR3    15      1.0       15.0
             NOR3A    52      1.0       52.0
             NOR3B    58      1.0       58.0
             NOR3C   114      1.0      114.0
               OA1    24      1.0       24.0
              OA1A    25      1.0       25.0
              OA1B     2      1.0        2.0
              OA1C    29      1.0       29.0
              OAI1     1      1.0        1.0
               OR2    99      1.0       99.0
              OR2A   117      1.0      117.0
              OR2B    25      1.0       25.0
               OR3   152      1.0      152.0
              OR3A     3      1.0        3.0
              OR3B    19      1.0       19.0
              OR3C    10      1.0       10.0
               VCC    20      0.0        0.0
               XA1    10      1.0       10.0
              XA1A     3      1.0        3.0
              XA1B    24      1.0       24.0
              XA1C    75      1.0       75.0
             XNOR2   163      1.0      163.0
             XNOR3     3      1.0        3.0
              XOR2   152      1.0      152.0
              XOR3    15      1.0       15.0


              DFN1   278      1.0      278.0
            DFN1C0    56      1.0       56.0
            DFN1E0    49      1.0       49.0
          DFN1E0C0    24      1.0       24.0
          DFN1E0P0     1      1.0        1.0
            DFN1E1     1      1.0        1.0
          DFN1E1C0   118      1.0      118.0
          DFN1E1P0     2      1.0        2.0
            DFN1P0     5      1.0        5.0
              DLN1     8      1.0        8.0
                   -----          ----------
             TOTAL  3157              3109.0


  IO Cell usage:
              cell count
         BIBUF_MSS     3
   BIBUF_OPEND_MSS     2
             INBUF     3
         INBUF_MSS     7
        MSS_XTLOSC     1
            OUTBUF    14
        OUTBUF_MSS     5
       TRIBUFF_MSS     1
                   -----
             TOTAL    36


Core Cells         : 3109 of 4608 (67%)
IO Cells           : 36

  RAM/ROM Usage Summary
Block Rams : 0 of 8 (0%)

