Actel Designer Software
Version: 11.0.0.23
Release: v11.0

Info: The design
      C:/Users/kylebs/Desktop/FreeRTOS-lwIP-takeDeux/FreeRTOS-lwIP/Webserver_uIPRTOS_SC_DF/EVAL\
      _KIT/SF_Webserver_Demo/designer/impl2/TOP.adb was last modified by software version
      11.0.0.23.
Opened an existing Libero design
C:/Users/kylebs/Desktop/FreeRTOS-lwIP-takeDeux/FreeRTOS-lwIP/Webserver_uIPRTOS_SC_DF/EVAL_KIT/S\
F_Webserver_Demo/designer/impl2/TOP.adb.

The Export-map command succeeded ( 00:00:10 )
CHECKSUM: 7768
Wrote to the file:
C:\Users\kylebs\Desktop\FreeRTOS-lwIP-takeDeux\FreeRTOS-lwIP\Webserver_uIPRTOS_SC_DF\EVAL_KIT\S\
F_Webserver_Demo\designer\impl2\TOP.fdb

The Export command succeeded ( 00:00:13 )
Design saved to file
C:/Users/kylebs/Desktop/FreeRTOS-lwIP-takeDeux/FreeRTOS-lwIP/Webserver_uIPRTOS_SC_DF/EVAL_KIT/S\
F_Webserver_Demo/designer/impl2/TOP.adb.

The Execute Script command succeeded ( 00:00:21 )
Design closed.

